<?xml version="1.0" encoding="UTF-8"?>
<!-- Generated by org.testng.reporters.JUnitXMLReporter -->
<testsuite hostname="DESKTOP-4JBAKI8" ignored="2" name="Test" tests="1" failures="0" timestamp="05 Jul 2019 16:14:11 GMT" time="49.363" errors="0">
  <testcase name="resolveIncident" time="49.348" classname="servicenow.ResolveIncident"/>
  <testcase name="createNewIncident" time="0.0" classname="servicenow.CreateIncident">
    <ignored/>
  </testcase> <!-- createNewIncident -->
  <testcase name="deleteIncident" time="0.0" classname="servicenow.DeleteIncident">
    <ignored/>
  </testcase> <!-- deleteIncident -->
</testsuite> <!-- Test -->
