<?xml version="1.0" encoding="UTF-8"?>
<testng-results skipped="0" failed="0" ignored="0" total="1" passed="1">
  <reporter-output>
  </reporter-output>
  <suite name="Default suite" duration-ms="8421" started-at="2019-06-30T04:14:41Z" finished-at="2019-06-30T04:14:50Z">
    <groups>
    </groups>
    <test name="Default test" duration-ms="8421" started-at="2019-06-30T04:14:41Z" finished-at="2019-06-30T04:14:50Z">
      <class name="classroom.WebInteractions">
        <test-method status="PASS" signature="interacWithWeb()[pri:0, instance:classroom.WebInteractions@42dafa95]" name="interacWithWeb" duration-ms="8391" started-at="2019-06-30T04:14:41Z" finished-at="2019-06-30T04:14:50Z">
          <reporter-output>
          </reporter-output>
        </test-method> <!-- interacWithWeb -->
      </class> <!-- classroom.WebInteractions -->
    </test> <!-- Default test -->
  </suite> <!-- Default suite -->
</testng-results>
